<?xml version="1.0" encoding="UTF-8"?>
<!-- Generated by org.testng.reporters.JUnitReportReporter -->
<testsuite skipped="0" hostname="ThinkPad" name="com.bank.testsuite.BankTest" tests="5" failures="0" timestamp="2022-05-12T23:55:29 BST" time="36.438" errors="0">
  <testcase name="bankManagerShouldAddCustomerSuccessfully" time="7.091" classname="com.bank.testsuite.BankTest"/>
  <system-out>
    <![CDATA[Click on 'Bank Manager Login' Button<br>
Click on 'Add Customer' Button<br>
Enter Firstname : 'Nehal' to firstName field<br>
Enter Lastname : 'Patel' to lastName field<br>
Enter Lastname : 'HA0 4RE' to lastName field<br>
Click on 'Add Customer' button<br>
Get Customer added successfully text : Customer added successfully<br>]]>
  </system-out>
  <testcase name="bankManagerShouldOpenAccountSuccessfully" time="8.305" classname="com.bank.testsuite.BankTest"/>
  <system-out>
    <![CDATA[Click on 'Bank Manager Login' Button<br>
Click on 'Open Account' Button<br>
Select from Customer field drop down 'Hermoine Granger'<br>
Select Currency from drop down 'Pound'<br>
Click on 'Process' button<br>
Get Account created successfully text : Account created successfully<br>]]>
  </system-out>
  <testcase name="customerShouldLoginAndLogoutSuccessfully" time="7.300" classname="com.bank.testsuite.BankTest"/>
  <system-out>
    <![CDATA[Click on 'Customer Login' Button<br>
Select Name from Drop Down 'Hermoine Granger'<br>
Click on 'Login' button<br>
Find Logout Button : logout<br>
Click on 'Logout' button<br>
Get Your Name text : Your Name<br>]]>
  </system-out>
  <testcase name="customerShouldDepositMoneySuccessfully" time="5.962" classname="com.bank.testsuite.BankTest"/>
  <system-out>
    <![CDATA[Click on 'Customer Login' Button<br>
Select Name from Drop Down 'Hermoine Granger'<br>
Click on 'Login' button<br>
Click on 'Deposit' Button<br>
Enter Deposit Amount 100 to Deposit Amount field <br>
Click on 'Deposit' Button<br>
Find Deposit Successful Message : Deposit Successful<br>]]>
  </system-out>
  <testcase name="customerShouldWithdrawMoneySuccessfully" time="7.780" classname="com.bank.testsuite.BankTest"/>
  <system-out>
    <![CDATA[Click on 'Customer Login' Button<br>
Select Name from Drop Down 'Hermoine Granger'<br>
Click on 'Login' button<br>
Click on 'Withdrawal' Button<br>
Enter Withdrawal Amount 50 to Withdrawal Amount field <br>
Click on 'Withdrawal' Button<br>
Find Withdrawal Successful Message : Transaction successful<br>]]>
  </system-out>
</testsuite> <!-- com.bank.testsuite.BankTest -->
